New log file opened at Wed Nov 18 14:55:47 EET 2015 by 740@PTUA-LS0382
jvm 740@PTUA-LS0382
jvm vmName=Java HotSpot(TM) 64-Bit Server VM vmVendor=Oracle Corporation vmVersion=25.66-b18
jvm specName=Java Virtual Machine Specification specVendor=Oracle Corporation specVersion=1.8
jvm arguments: [-Xms256m, -Xmx1024m, -XX:MetaspaceSize=64m, -XX:MaxMetaspaceSize=256m]
Starting event engine
Starting sbt command engine
Waiting for sbt command engine
Command engine arguments=List()
Command engine baseDirectory=C:\Users\andriypa\Documents\spray-person
Command engine initial remaining commands List(--initialize, onFailure load-failed, boot, server-send-ready-for-request, server-handle-next-server-request)
> --initialize
> initialize
> onFailure load-failed
> boot
> reload
[Loading] Scanning directory C:\Users\andriypa\Documents\spray-person\project
[Loading] Found non-root projects 
[Loading] Done in C:\Users\andriypa\Documents\spray-person\project, returning: ()
deducing auto plugins based on known facts Set(Atom(sbt.plugins.CorePlugin)) and clauses Clauses(List(Clause(Atom(sbt.plugins.JvmPlugin),Set(Atom(sbt.plugins.IvyPlugin))), Clause(Atom(sbt.plugins.JUnitXmlReportPlugin),Set(Atom(sbt.plugins.JvmPlugin))), Clause(Atom(sbt.plugins.CorePlugin),Set(Atom(sbt.plugins.IvyPlugin))), Clause(Atom(sbt.plugins.IvyPlugin),Set(Atom(sbt.plugins.JvmPlugin))), Clause(Atom(sbt.plugins.JvmPlugin),Set(Atom(sbt.plugins.JUnitXmlReportPlugin)))))
  :: deduced result: Matched(sbt.plugins.CorePlugin,sbt.plugins.IvyPlugin,sbt.plugins.JvmPlugin,sbt.plugins.JUnitXmlReportPlugin)
sorting: ns: List(sbt.plugins.CorePlugin, sbt.plugins.IvyPlugin, sbt.plugins.JvmPlugin, sbt.plugins.JUnitXmlReportPlugin)
  :: sorting:: found: List(sbt.plugins.CorePlugin) not found List(sbt.plugins.IvyPlugin, sbt.plugins.JvmPlugin, sbt.plugins.JUnitXmlReportPlugin)
  :: sorting:: found: List(sbt.plugins.CorePlugin, sbt.plugins.IvyPlugin) not found List(sbt.plugins.JvmPlugin, sbt.plugins.JUnitXmlReportPlugin)
  :: sorting:: found: List(sbt.plugins.CorePlugin, sbt.plugins.IvyPlugin, sbt.plugins.JvmPlugin) not found List(sbt.plugins.JUnitXmlReportPlugin)
  :: sorting:: found: List(sbt.plugins.CorePlugin, sbt.plugins.IvyPlugin, sbt.plugins.JvmPlugin, sbt.plugins.JUnitXmlReportPlugin) not found List()
  :: sorted deduced result: List(sbt.plugins.CorePlugin, sbt.plugins.IvyPlugin, sbt.plugins.JvmPlugin, sbt.plugins.JUnitXmlReportPlugin)
[Loading] Done in C:\Users\andriypa\Documents\spray-person\project, returning: (spray-person-build)
Loading project definition from C:\Users\andriypa\Documents\spray-person\project
Running task... Cancel: sbt.TaskCancellationStrategy$Null$@761b463f, check cycles: false

Initial source changes: 
	removed:Set()
	added: Set()
	modified: Set()
Removed products: Set()
External API changes: API Changes: Set()
Modified binary dependencies: Set()
Initial directly invalidated sources: Set()

Sources indirectly invalidated by:
	product: Set()
	binary dep: Set()
	external source: Set()
All initially invalidated sources: Set()

Copy resource mappings: 
	
[Loading] Scanning directory C:\Users\andriypa\Documents\spray-person
[Loading] Found non-root projects 
[Loading] Done in C:\Users\andriypa\Documents\spray-person, returning: ()
deducing auto plugins based on known facts Set(Atom(sbt.plugins.CorePlugin)) and clauses Clauses(List(Clause(Atom(sbt.plugins.JvmPlugin),Set(Atom(sbt.plugins.IvyPlugin))), Clause(Atom(sbt.plugins.JUnitXmlReportPlugin),Set(Atom(sbt.plugins.JvmPlugin))), Clause(Atom(com.earldouglas.xwp.ContainerPlugin),Set(Atom(com.earldouglas.xwp.WarPlugin))), Clause(Atom(com.earldouglas.xwp.JettyPlugin),Set(Atom(com.earldouglas.xwp.ContainerPlugin))), Clause(Atom(com.earldouglas.xwp.TomcatPlugin),Set(Atom(com.earldouglas.xwp.ContainerPlugin))), Clause(Atom(com.earldouglas.xwp.WarPlugin),Set(Atom(com.earldouglas.xwp.WebappPlugin))), Clause(Atom(com.earldouglas.xwp.WebappPlugin),Set(Atom(sbt.plugins.JvmPlugin))), Clause(Atom(sbt.plugins.BackgroundRunPlugin),Set(Atom(sbt.plugins.JvmPlugin))), Clause(Atom(sbt.plugins.CorePlugin),Set(Atom(sbt.plugins.IvyPlugin))), Clause(Atom(sbt.plugins.IvyPlugin),Set(Atom(sbt.plugins.JvmPlugin))), Clause(Atom(sbt.plugins.JvmPlugin),Set(Atom(sbt.plugins.JUnitXmlReportPlugin))), Clause(Atom(sbt.plugins.JvmPlugin),Set(Atom(sbt.plugins.BackgroundRunPlugin))), Clause(Atom(sbt.plugins.CorePlugin),Set(Atom(sbt.plugins.InteractionServicePlugin))), Clause(Atom(sbt.plugins.CorePlugin),Set(Atom(sbt.plugins.SendEventServicePlugin))), Clause(Atom(sbt.plugins.CorePlugin),Set(Atom(sbt.plugins.SerializersPlugin)))))
  :: deduced result: Matched(sbt.plugins.CorePlugin,sbt.plugins.SerializersPlugin,sbt.plugins.SendEventServicePlugin,sbt.plugins.InteractionServicePlugin,sbt.plugins.IvyPlugin,sbt.plugins.JvmPlugin,sbt.plugins.BackgroundRunPlugin,sbt.plugins.JUnitXmlReportPlugin)
sorting: ns: List(sbt.plugins.CorePlugin, sbt.plugins.SerializersPlugin, sbt.plugins.SendEventServicePlugin, sbt.plugins.InteractionServicePlugin, sbt.plugins.IvyPlugin, sbt.plugins.JvmPlugin, sbt.plugins.BackgroundRunPlugin, sbt.plugins.JUnitXmlReportPlugin)
  :: sorting:: found: List(sbt.plugins.CorePlugin) not found List(sbt.plugins.SerializersPlugin, sbt.plugins.SendEventServicePlugin, sbt.plugins.InteractionServicePlugin, sbt.plugins.IvyPlugin, sbt.plugins.JvmPlugin, sbt.plugins.BackgroundRunPlugin, sbt.plugins.JUnitXmlReportPlugin)
  :: sorting:: found: List(sbt.plugins.CorePlugin, sbt.plugins.SerializersPlugin, sbt.plugins.SendEventServicePlugin, sbt.plugins.InteractionServicePlugin, sbt.plugins.IvyPlugin) not found List(sbt.plugins.JvmPlugin, sbt.plugins.BackgroundRunPlugin, sbt.plugins.JUnitXmlReportPlugin)
  :: sorting:: found: List(sbt.plugins.CorePlugin, sbt.plugins.SerializersPlugin, sbt.plugins.SendEventServicePlugin, sbt.plugins.InteractionServicePlugin, sbt.plugins.IvyPlugin, sbt.plugins.JvmPlugin) not found List(sbt.plugins.BackgroundRunPlugin, sbt.plugins.JUnitXmlReportPlugin)
  :: sorting:: found: List(sbt.plugins.CorePlugin, sbt.plugins.SerializersPlugin, sbt.plugins.SendEventServicePlugin, sbt.plugins.InteractionServicePlugin, sbt.plugins.IvyPlugin, sbt.plugins.JvmPlugin, sbt.plugins.BackgroundRunPlugin, sbt.plugins.JUnitXmlReportPlugin) not found List()
  :: sorted deduced result: List(sbt.plugins.CorePlugin, sbt.plugins.SerializersPlugin, sbt.plugins.SendEventServicePlugin, sbt.plugins.InteractionServicePlugin, sbt.plugins.IvyPlugin, sbt.plugins.JvmPlugin, sbt.plugins.BackgroundRunPlugin, sbt.plugins.JUnitXmlReportPlugin)
[Loading] Done in C:\Users\andriypa\Documents\spray-person, returning: (spray-person)
Set current project to spray-person (in build file:/C:/Users/andriypa/Documents/spray-person/)
Reapplying settings...
Set current project to spray-person (in build file:/C:/Users/andriypa/Documents/spray-person/)
> iflast shell
> server-send-ready-for-request
> server-handle-next-server-request
> {file:/C:/Users/andriypa/Documents/spray-person/}spray-person/compile:discoveredMainClasses
Evaluating tasks: compile:discoveredMainClasses
Running task... Cancel: sbt.server.ServerTaskCancellation@35d1f7f7, check cycles: false

Initial source changes: 
	removed:Set()
	added: Set(C:\Users\andriypa\Documents\spray-person\src\main\scala\com\example\model\Person.scala, C:\Users\andriypa\Documents\spray-person\src\main\scala\com\example\services\PersonServiceImpl.scala, C:\Users\andriypa\Documents\spray-person\src\main\scala\com\example\config\ActorSystemBean.scala, C:\Users\andriypa\Documents\spray-person\src\main\scala\com\example\actors\routes\ApiRouterActor.scala, C:\Users\andriypa\Documents\spray-person\src\main\scala\com\example\services\PersonService.scala, C:\Users\andriypa\Documents\spray-person\src\main\scala\com\example\services\PersonData.scala, C:\Users\andriypa\Documents\spray-person\src\main\scala\com\example\config\Boot.scala, C:\Users\andriypa\Documents\spray-person\src\main\scala\com\example\actors\routes\PersonRoute.scala)
	modified: Set()
Removed products: Set()
External API changes: API Changes: Set()
Modified binary dependencies: Set()
Initial directly invalidated sources: Set(C:\Users\andriypa\Documents\spray-person\src\main\scala\com\example\model\Person.scala, C:\Users\andriypa\Documents\spray-person\src\main\scala\com\example\services\PersonServiceImpl.scala, C:\Users\andriypa\Documents\spray-person\src\main\scala\com\example\config\ActorSystemBean.scala, C:\Users\andriypa\Documents\spray-person\src\main\scala\com\example\actors\routes\ApiRouterActor.scala, C:\Users\andriypa\Documents\spray-person\src\main\scala\com\example\services\PersonService.scala, C:\Users\andriypa\Documents\spray-person\src\main\scala\com\example\services\PersonData.scala, C:\Users\andriypa\Documents\spray-person\src\main\scala\com\example\config\Boot.scala, C:\Users\andriypa\Documents\spray-person\src\main\scala\com\example\actors\routes\PersonRoute.scala)

Sources indirectly invalidated by:
	product: Set()
	binary dep: Set()
	external source: Set()
All initially invalidated sources: Set(C:\Users\andriypa\Documents\spray-person\src\main\scala\com\example\model\Person.scala, C:\Users\andriypa\Documents\spray-person\src\main\scala\com\example\services\PersonServiceImpl.scala, C:\Users\andriypa\Documents\spray-person\src\main\scala\com\example\config\ActorSystemBean.scala, C:\Users\andriypa\Documents\spray-person\src\main\scala\com\example\actors\routes\ApiRouterActor.scala, C:\Users\andriypa\Documents\spray-person\src\main\scala\com\example\services\PersonService.scala, C:\Users\andriypa\Documents\spray-person\src\main\scala\com\example\services\PersonData.scala, C:\Users\andriypa\Documents\spray-person\src\main\scala\com\example\config\Boot.scala, C:\Users\andriypa\Documents\spray-person\src\main\scala\com\example\actors\routes\PersonRoute.scala)

Recompiling all 8 sources: invalidated sources (8) exceeded 50.0% of all sources
Read from stdout: Compiling 8 Scala sources to C:\Users\andriypa\Documents\spray-person\target\scala-2.10\classes...
Compiling 8 Scala sources to C:\Users\andriypa\Documents\spray-person\target\scala-2.10\classes...
Getting compiler-interface from component compiler for Scala 2.10.3
Other repositories:
Default repositories:
Getting compiler-interface from component compiler for Scala 2.10.3
Other repositories:
Default repositories:
Running cached compiler 1b288eeb, interfacing (CompilerInterface) with Scala compiler version 2.10.3
Calling Scala compiler with arguments  (CompilerInterface):
	-unchecked
	-deprecation
	-encoding
	utf8
	-feature
	-bootclasspath
	C:\Program Files\Java\jdk1.8.0_66\jre\lib\resources.jar;C:\Program Files\Java\jdk1.8.0_66\jre\lib\rt.jar;C:\Program Files\Java\jdk1.8.0_66\jre\lib\sunrsasign.jar;C:\Program Files\Java\jdk1.8.0_66\jre\lib\jsse.jar;C:\Program Files\Java\jdk1.8.0_66\jre\lib\jce.jar;C:\Program Files\Java\jdk1.8.0_66\jre\lib\charsets.jar;C:\Program Files\Java\jdk1.8.0_66\jre\lib\jfr.jar;C:\Program Files\Java\jdk1.8.0_66\jre\classes;C:\Users\andriypa\Documents\activator-dist-1.3.6\repository\org.scala-lang\scala-library\2.10.3\jars\scala-library.jar
	-classpath
	C:\Users\andriypa\Documents\spray-person\target\scala-2.10\classes;C:\Users\andriypa\.ivy2\cache\io.spray\spray-servlet\bundles\spray-servlet-1.2.0.jar;C:\Users\andriypa\.ivy2\cache\io.spray\spray-http\bundles\spray-http-1.2.0.jar;C:\Users\andriypa\.ivy2\cache\io.spray\spray-util\bundles\spray-util-1.2.0.jar;C:\Users\andriypa\Documents\activator-dist-1.3.6\repository\org.parboiled\parboiled-scala_2.10\1.1.6\bundles\parboiled-scala_2.10.jar;C:\Users\andriypa\.ivy2\cache\org.parboiled\parboiled-core\bundles\parboiled-core-1.1.6.jar;C:\Users\andriypa\.ivy2\cache\io.spray\spray-routing\bundles\spray-routing-1.2.0.jar;C:\Users\andriypa\.ivy2\cache\io.spray\spray-httpx\bundles\spray-httpx-1.2.0.jar;C:\Users\andriypa\.ivy2\cache\org.jvnet.mimepull\mimepull\jars\mimepull-1.9.3.jar;C:\Users\andriypa\.ivy2\cache\com.chuusai\shapeless_2.10\jars\shapeless_2.10-1.2.4.jar;C:\Users\andriypa\.ivy2\cache\io.spray\spray-testkit\jars\spray-testkit-1.2.0.jar;C:\Users\andriypa\.ivy2\cache\com.typesafe.akka\akka-testkit_2.10\bundles\akka-testkit_2.10-2.2.3.jar;C:\Users\andriypa\.ivy2\cache\com.typesafe.akka\akka-actor_2.10\jars\akka-actor_2.10-2.2.3.jar;C:\Users\andriypa\.ivy2\cache\com.typesafe\config\bundles\config-1.0.2.jar;C:\Users\andriypa\.ivy2\cache\io.spray\spray-client\bundles\spray-client-1.2.0.jar;C:\Users\andriypa\.ivy2\cache\io.spray\spray-can\bundles\spray-can-1.2.0.jar;C:\Users\andriypa\.ivy2\cache\io.spray\spray-io\bundles\spray-io-1.2.0.jar;C:\Users\andriypa\.ivy2\cache\io.spray\spray-caching\bundles\spray-caching-1.2.0.jar;C:\Users\andriypa\.ivy2\cache\com.googlecode.concurrentlinkedhashmap\concurrentlinkedhashmap-lru\jars\concurrentlinkedhashmap-lru-1.4.jar;C:\Users\andriypa\.ivy2\cache\io.spray\spray-json_2.10\jars\spray-json_2.10-1.2.5.jar;C:\Users\andriypa\.ivy2\cache\com.typesafe.akka\akka-slf4j_2.10\bundles\akka-slf4j_2.10-2.1.4.jar;C:\Users\andriypa\.ivy2\cache\ch.qos.logback\logback-classic\jars\logback-classic-1.0.13.jar;C:\Users\andriypa\.ivy2\cache\ch.qos.logback\logback-core\jars\logback-core-1.0.13.jar;C:\Users\andriypa\Documents\activator-dist-1.3.6\repository\org.slf4j\slf4j-api\1.7.5\jars\slf4j-api.jar
Read from stdout: C:\Users\andriypa\Documents\spray-person\src\main\scala\com\example\actors\routes\PersonRoute.scala:35: not found: value PersonService
C:\Users\andriypa\Documents\spray-person\src\main\scala\com\example\actors\routes\PersonRoute.scala:35: not found: value PersonService
Read from stdout: private val personService = PersonService
  private val personService = PersonService
Read from stdout: ^
                              ^
Read from stdout: C:\Users\andriypa\Documents\spray-person\src\main\scala\com\example\services\PersonServiceImpl.scala:18: type mismatch;
Read from stdout: found   : scala.collection.mutable.ArrayBuffer[com.example.model.Person]
Read from stdout: required: List[com.example.model.Person]
C:\Users\andriypa\Documents\spray-person\src\main\scala\com\example\services\PersonServiceImpl.scala:18: type mismatch;
 found   : scala.collection.mutable.ArrayBuffer[com.example.model.Person]
 required: List[com.example.model.Person]
Read from stdout: testPeople
    testPeople
Read from stdout: ^
    ^
Read from stdout: C:\Users\andriypa\Documents\spray-person\src\main\scala\com\example\services\PersonServiceImpl.scala:28: reassignment to val
C:\Users\andriypa\Documents\spray-person\src\main\scala\com\example\services\PersonServiceImpl.scala:28: reassignment to val
Read from stdout: testPeople = testPeople :+ newPerson
    testPeople = testPeople :+ newPerson
Read from stdout: ^
               ^
Read from stdout: three errors found
three errors found
Compilation failed (CompilerInterface)
Read from stdout: (compile:compileIncremental) Compilation failed
(compile:compileIncremental) Compilation failed
Total time: 7 s, completed Nov 18, 2015 2:56:01 PM
> server-post-command-error-handler
> server-post-command-cleanup
> server-handle-next-server-request
> {file:/C:/Users/andriypa/Documents/spray-person/}spray-person/compile:mainClass
Evaluating tasks: compile:mainClass
Running task... Cancel: sbt.server.ServerTaskCancellation@7098792b, check cycles: false

Initial source changes: 
	removed:Set()
	added: Set(C:\Users\andriypa\Documents\spray-person\src\main\scala\com\example\model\Person.scala, C:\Users\andriypa\Documents\spray-person\src\main\scala\com\example\services\PersonServiceImpl.scala, C:\Users\andriypa\Documents\spray-person\src\main\scala\com\example\config\ActorSystemBean.scala, C:\Users\andriypa\Documents\spray-person\src\main\scala\com\example\actors\routes\ApiRouterActor.scala, C:\Users\andriypa\Documents\spray-person\src\main\scala\com\example\services\PersonService.scala, C:\Users\andriypa\Documents\spray-person\src\main\scala\com\example\services\PersonData.scala, C:\Users\andriypa\Documents\spray-person\src\main\scala\com\example\config\Boot.scala, C:\Users\andriypa\Documents\spray-person\src\main\scala\com\example\actors\routes\PersonRoute.scala)
	modified: Set()
Removed products: Set()
External API changes: API Changes: Set()
Modified binary dependencies: Set()
Initial directly invalidated sources: Set(C:\Users\andriypa\Documents\spray-person\src\main\scala\com\example\model\Person.scala, C:\Users\andriypa\Documents\spray-person\src\main\scala\com\example\services\PersonServiceImpl.scala, C:\Users\andriypa\Documents\spray-person\src\main\scala\com\example\config\ActorSystemBean.scala, C:\Users\andriypa\Documents\spray-person\src\main\scala\com\example\actors\routes\ApiRouterActor.scala, C:\Users\andriypa\Documents\spray-person\src\main\scala\com\example\services\PersonService.scala, C:\Users\andriypa\Documents\spray-person\src\main\scala\com\example\services\PersonData.scala, C:\Users\andriypa\Documents\spray-person\src\main\scala\com\example\config\Boot.scala, C:\Users\andriypa\Documents\spray-person\src\main\scala\com\example\actors\routes\PersonRoute.scala)

Sources indirectly invalidated by:
	product: Set()
	binary dep: Set()
	external source: Set()
All initially invalidated sources: Set(C:\Users\andriypa\Documents\spray-person\src\main\scala\com\example\model\Person.scala, C:\Users\andriypa\Documents\spray-person\src\main\scala\com\example\services\PersonServiceImpl.scala, C:\Users\andriypa\Documents\spray-person\src\main\scala\com\example\config\ActorSystemBean.scala, C:\Users\andriypa\Documents\spray-person\src\main\scala\com\example\actors\routes\ApiRouterActor.scala, C:\Users\andriypa\Documents\spray-person\src\main\scala\com\example\services\PersonService.scala, C:\Users\andriypa\Documents\spray-person\src\main\scala\com\example\services\PersonData.scala, C:\Users\andriypa\Documents\spray-person\src\main\scala\com\example\config\Boot.scala, C:\Users\andriypa\Documents\spray-person\src\main\scala\com\example\actors\routes\PersonRoute.scala)

Recompiling all 8 sources: invalidated sources (8) exceeded 50.0% of all sources
Read from stdout: Compiling 8 Scala sources to C:\Users\andriypa\Documents\spray-person\target\scala-2.10\classes...
Compiling 8 Scala sources to C:\Users\andriypa\Documents\spray-person\target\scala-2.10\classes...
Getting compiler-interface from component compiler for Scala 2.10.3
Other repositories:
Default repositories:
Getting compiler-interface from component compiler for Scala 2.10.3
Other repositories:
Default repositories:
Running cached compiler 48604f2, interfacing (CompilerInterface) with Scala compiler version 2.10.3
Calling Scala compiler with arguments  (CompilerInterface):
	-unchecked
	-deprecation
	-encoding
	utf8
	-feature
	-bootclasspath
	C:\Program Files\Java\jdk1.8.0_66\jre\lib\resources.jar;C:\Program Files\Java\jdk1.8.0_66\jre\lib\rt.jar;C:\Program Files\Java\jdk1.8.0_66\jre\lib\sunrsasign.jar;C:\Program Files\Java\jdk1.8.0_66\jre\lib\jsse.jar;C:\Program Files\Java\jdk1.8.0_66\jre\lib\jce.jar;C:\Program Files\Java\jdk1.8.0_66\jre\lib\charsets.jar;C:\Program Files\Java\jdk1.8.0_66\jre\lib\jfr.jar;C:\Program Files\Java\jdk1.8.0_66\jre\classes;C:\Users\andriypa\Documents\activator-dist-1.3.6\repository\org.scala-lang\scala-library\2.10.3\jars\scala-library.jar
	-classpath
	C:\Users\andriypa\Documents\spray-person\target\scala-2.10\classes;C:\Users\andriypa\.ivy2\cache\io.spray\spray-servlet\bundles\spray-servlet-1.2.0.jar;C:\Users\andriypa\.ivy2\cache\io.spray\spray-http\bundles\spray-http-1.2.0.jar;C:\Users\andriypa\.ivy2\cache\io.spray\spray-util\bundles\spray-util-1.2.0.jar;C:\Users\andriypa\Documents\activator-dist-1.3.6\repository\org.parboiled\parboiled-scala_2.10\1.1.6\bundles\parboiled-scala_2.10.jar;C:\Users\andriypa\.ivy2\cache\org.parboiled\parboiled-core\bundles\parboiled-core-1.1.6.jar;C:\Users\andriypa\.ivy2\cache\io.spray\spray-routing\bundles\spray-routing-1.2.0.jar;C:\Users\andriypa\.ivy2\cache\io.spray\spray-httpx\bundles\spray-httpx-1.2.0.jar;C:\Users\andriypa\.ivy2\cache\org.jvnet.mimepull\mimepull\jars\mimepull-1.9.3.jar;C:\Users\andriypa\.ivy2\cache\com.chuusai\shapeless_2.10\jars\shapeless_2.10-1.2.4.jar;C:\Users\andriypa\.ivy2\cache\io.spray\spray-testkit\jars\spray-testkit-1.2.0.jar;C:\Users\andriypa\.ivy2\cache\com.typesafe.akka\akka-testkit_2.10\bundles\akka-testkit_2.10-2.2.3.jar;C:\Users\andriypa\.ivy2\cache\com.typesafe.akka\akka-actor_2.10\jars\akka-actor_2.10-2.2.3.jar;C:\Users\andriypa\.ivy2\cache\com.typesafe\config\bundles\config-1.0.2.jar;C:\Users\andriypa\.ivy2\cache\io.spray\spray-client\bundles\spray-client-1.2.0.jar;C:\Users\andriypa\.ivy2\cache\io.spray\spray-can\bundles\spray-can-1.2.0.jar;C:\Users\andriypa\.ivy2\cache\io.spray\spray-io\bundles\spray-io-1.2.0.jar;C:\Users\andriypa\.ivy2\cache\io.spray\spray-caching\bundles\spray-caching-1.2.0.jar;C:\Users\andriypa\.ivy2\cache\com.googlecode.concurrentlinkedhashmap\concurrentlinkedhashmap-lru\jars\concurrentlinkedhashmap-lru-1.4.jar;C:\Users\andriypa\.ivy2\cache\io.spray\spray-json_2.10\jars\spray-json_2.10-1.2.5.jar;C:\Users\andriypa\.ivy2\cache\com.typesafe.akka\akka-slf4j_2.10\bundles\akka-slf4j_2.10-2.1.4.jar;C:\Users\andriypa\.ivy2\cache\ch.qos.logback\logback-classic\jars\logback-classic-1.0.13.jar;C:\Users\andriypa\.ivy2\cache\ch.qos.logback\logback-core\jars\logback-core-1.0.13.jar;C:\Users\andriypa\Documents\activator-dist-1.3.6\repository\org.slf4j\slf4j-api\1.7.5\jars\slf4j-api.jar
Read from stdout: C:\Users\andriypa\Documents\spray-person\src\main\scala\com\example\actors\routes\PersonRoute.scala:35: not found: value PersonService
C:\Users\andriypa\Documents\spray-person\src\main\scala\com\example\actors\routes\PersonRoute.scala:35: not found: value PersonService
Read from stdout: private val personService = PersonService
  private val personService = PersonService
Read from stdout: ^
                              ^
Read from stdout: C:\Users\andriypa\Documents\spray-person\src\main\scala\com\example\services\PersonServiceImpl.scala:18: type mismatch;
Read from stdout: found   : scala.collection.mutable.ArrayBuffer[com.example.model.Person]
Read from stdout: required: List[com.example.model.Person]
C:\Users\andriypa\Documents\spray-person\src\main\scala\com\example\services\PersonServiceImpl.scala:18: type mismatch;
 found   : scala.collection.mutable.ArrayBuffer[com.example.model.Person]
 required: List[com.example.model.Person]
Read from stdout: testPeople
    testPeople
Read from stdout: ^
    ^
Read from stdout: C:\Users\andriypa\Documents\spray-person\src\main\scala\com\example\services\PersonServiceImpl.scala:28: reassignment to val
C:\Users\andriypa\Documents\spray-person\src\main\scala\com\example\services\PersonServiceImpl.scala:28: reassignment to val
Read from stdout: testPeople = testPeople :+ newPerson
    testPeople = testPeople :+ newPerson
Read from stdout: ^
               ^
Read from stdout: three errors found
three errors found
Compilation failed (CompilerInterface)
Read from stdout: (compile:compileIncremental) Compilation failed
(compile:compileIncremental) Compilation failed
Total time: 3 s, completed Nov 18, 2015 2:56:04 PM
> server-post-command-error-handler
> server-post-command-cleanup
> server-handle-next-server-request
> {file:/C:/Users/andriypa/Documents/spray-person/}spray-person/compile:discoveredMainClasses
Evaluating tasks: compile:discoveredMainClasses
Running task... Cancel: sbt.server.ServerTaskCancellation@7290acf9, check cycles: false

Initial source changes: 
	removed:Set()
	added: Set(C:\Users\andriypa\Documents\spray-person\src\main\scala\com\example\model\Person.scala, C:\Users\andriypa\Documents\spray-person\src\main\scala\com\example\services\PersonServiceImpl.scala, C:\Users\andriypa\Documents\spray-person\src\main\scala\com\example\config\ActorSystemBean.scala, C:\Users\andriypa\Documents\spray-person\src\main\scala\com\example\actors\routes\ApiRouterActor.scala, C:\Users\andriypa\Documents\spray-person\src\main\scala\com\example\services\PersonService.scala, C:\Users\andriypa\Documents\spray-person\src\main\scala\com\example\services\PersonData.scala, C:\Users\andriypa\Documents\spray-person\src\main\scala\com\example\config\Boot.scala, C:\Users\andriypa\Documents\spray-person\src\main\scala\com\example\actors\routes\PersonRoute.scala)
	modified: Set()
Removed products: Set()
External API changes: API Changes: Set()
Modified binary dependencies: Set()
Initial directly invalidated sources: Set(C:\Users\andriypa\Documents\spray-person\src\main\scala\com\example\model\Person.scala, C:\Users\andriypa\Documents\spray-person\src\main\scala\com\example\services\PersonServiceImpl.scala, C:\Users\andriypa\Documents\spray-person\src\main\scala\com\example\config\ActorSystemBean.scala, C:\Users\andriypa\Documents\spray-person\src\main\scala\com\example\actors\routes\ApiRouterActor.scala, C:\Users\andriypa\Documents\spray-person\src\main\scala\com\example\services\PersonService.scala, C:\Users\andriypa\Documents\spray-person\src\main\scala\com\example\services\PersonData.scala, C:\Users\andriypa\Documents\spray-person\src\main\scala\com\example\config\Boot.scala, C:\Users\andriypa\Documents\spray-person\src\main\scala\com\example\actors\routes\PersonRoute.scala)

Sources indirectly invalidated by:
	product: Set()
	binary dep: Set()
	external source: Set()
All initially invalidated sources: Set(C:\Users\andriypa\Documents\spray-person\src\main\scala\com\example\model\Person.scala, C:\Users\andriypa\Documents\spray-person\src\main\scala\com\example\services\PersonServiceImpl.scala, C:\Users\andriypa\Documents\spray-person\src\main\scala\com\example\config\ActorSystemBean.scala, C:\Users\andriypa\Documents\spray-person\src\main\scala\com\example\actors\routes\ApiRouterActor.scala, C:\Users\andriypa\Documents\spray-person\src\main\scala\com\example\services\PersonService.scala, C:\Users\andriypa\Documents\spray-person\src\main\scala\com\example\services\PersonData.scala, C:\Users\andriypa\Documents\spray-person\src\main\scala\com\example\config\Boot.scala, C:\Users\andriypa\Documents\spray-person\src\main\scala\com\example\actors\routes\PersonRoute.scala)

Recompiling all 8 sources: invalidated sources (8) exceeded 50.0% of all sources
Read from stdout: Compiling 8 Scala sources to C:\Users\andriypa\Documents\spray-person\target\scala-2.10\classes...
Compiling 8 Scala sources to C:\Users\andriypa\Documents\spray-person\target\scala-2.10\classes...
Getting compiler-interface from component compiler for Scala 2.10.3
Other repositories:
Default repositories:
Getting compiler-interface from component compiler for Scala 2.10.3
Other repositories:
Default repositories:
Running cached compiler 73d156cd, interfacing (CompilerInterface) with Scala compiler version 2.10.3
Calling Scala compiler with arguments  (CompilerInterface):
	-unchecked
	-deprecation
	-encoding
	utf8
	-feature
	-bootclasspath
	C:\Program Files\Java\jdk1.8.0_66\jre\lib\resources.jar;C:\Program Files\Java\jdk1.8.0_66\jre\lib\rt.jar;C:\Program Files\Java\jdk1.8.0_66\jre\lib\sunrsasign.jar;C:\Program Files\Java\jdk1.8.0_66\jre\lib\jsse.jar;C:\Program Files\Java\jdk1.8.0_66\jre\lib\jce.jar;C:\Program Files\Java\jdk1.8.0_66\jre\lib\charsets.jar;C:\Program Files\Java\jdk1.8.0_66\jre\lib\jfr.jar;C:\Program Files\Java\jdk1.8.0_66\jre\classes;C:\Users\andriypa\Documents\activator-dist-1.3.6\repository\org.scala-lang\scala-library\2.10.3\jars\scala-library.jar
	-classpath
	C:\Users\andriypa\Documents\spray-person\target\scala-2.10\classes;C:\Users\andriypa\.ivy2\cache\io.spray\spray-servlet\bundles\spray-servlet-1.2.0.jar;C:\Users\andriypa\.ivy2\cache\io.spray\spray-http\bundles\spray-http-1.2.0.jar;C:\Users\andriypa\.ivy2\cache\io.spray\spray-util\bundles\spray-util-1.2.0.jar;C:\Users\andriypa\Documents\activator-dist-1.3.6\repository\org.parboiled\parboiled-scala_2.10\1.1.6\bundles\parboiled-scala_2.10.jar;C:\Users\andriypa\.ivy2\cache\org.parboiled\parboiled-core\bundles\parboiled-core-1.1.6.jar;C:\Users\andriypa\.ivy2\cache\io.spray\spray-routing\bundles\spray-routing-1.2.0.jar;C:\Users\andriypa\.ivy2\cache\io.spray\spray-httpx\bundles\spray-httpx-1.2.0.jar;C:\Users\andriypa\.ivy2\cache\org.jvnet.mimepull\mimepull\jars\mimepull-1.9.3.jar;C:\Users\andriypa\.ivy2\cache\com.chuusai\shapeless_2.10\jars\shapeless_2.10-1.2.4.jar;C:\Users\andriypa\.ivy2\cache\io.spray\spray-testkit\jars\spray-testkit-1.2.0.jar;C:\Users\andriypa\.ivy2\cache\com.typesafe.akka\akka-testkit_2.10\bundles\akka-testkit_2.10-2.2.3.jar;C:\Users\andriypa\.ivy2\cache\com.typesafe.akka\akka-actor_2.10\jars\akka-actor_2.10-2.2.3.jar;C:\Users\andriypa\.ivy2\cache\com.typesafe\config\bundles\config-1.0.2.jar;C:\Users\andriypa\.ivy2\cache\io.spray\spray-client\bundles\spray-client-1.2.0.jar;C:\Users\andriypa\.ivy2\cache\io.spray\spray-can\bundles\spray-can-1.2.0.jar;C:\Users\andriypa\.ivy2\cache\io.spray\spray-io\bundles\spray-io-1.2.0.jar;C:\Users\andriypa\.ivy2\cache\io.spray\spray-caching\bundles\spray-caching-1.2.0.jar;C:\Users\andriypa\.ivy2\cache\com.googlecode.concurrentlinkedhashmap\concurrentlinkedhashmap-lru\jars\concurrentlinkedhashmap-lru-1.4.jar;C:\Users\andriypa\.ivy2\cache\io.spray\spray-json_2.10\jars\spray-json_2.10-1.2.5.jar;C:\Users\andriypa\.ivy2\cache\com.typesafe.akka\akka-slf4j_2.10\bundles\akka-slf4j_2.10-2.1.4.jar;C:\Users\andriypa\.ivy2\cache\ch.qos.logback\logback-classic\jars\logback-classic-1.0.13.jar;C:\Users\andriypa\.ivy2\cache\ch.qos.logback\logback-core\jars\logback-core-1.0.13.jar;C:\Users\andriypa\Documents\activator-dist-1.3.6\repository\org.slf4j\slf4j-api\1.7.5\jars\slf4j-api.jar
Read from stdout: C:\Users\andriypa\Documents\spray-person\src\main\scala\com\example\actors\routes\PersonRoute.scala:35: not found: value PersonService
C:\Users\andriypa\Documents\spray-person\src\main\scala\com\example\actors\routes\PersonRoute.scala:35: not found: value PersonService
Read from stdout: private val personService = PersonService
  private val personService = PersonService
Read from stdout: ^
                              ^
Read from stdout: C:\Users\andriypa\Documents\spray-person\src\main\scala\com\example\services\PersonServiceImpl.scala:18: type mismatch;
Read from stdout: found   : scala.collection.mutable.ArrayBuffer[com.example.model.Person]
Read from stdout: required: List[com.example.model.Person]
C:\Users\andriypa\Documents\spray-person\src\main\scala\com\example\services\PersonServiceImpl.scala:18: type mismatch;
 found   : scala.collection.mutable.ArrayBuffer[com.example.model.Person]
 required: List[com.example.model.Person]
Read from stdout: testPeople
    testPeople
Read from stdout: ^
    ^
Read from stdout: C:\Users\andriypa\Documents\spray-person\src\main\scala\com\example\services\PersonServiceImpl.scala:28: reassignment to val
C:\Users\andriypa\Documents\spray-person\src\main\scala\com\example\services\PersonServiceImpl.scala:28: reassignment to val
Read from stdout: testPeople = testPeople :+ newPerson
    testPeople = testPeople :+ newPerson
Read from stdout: ^
               ^
Read from stdout: three errors found
three errors found
Compilation failed (CompilerInterface)
Read from stdout: (compile:compileIncremental) Compilation failed
(compile:compileIncremental) Compilation failed
Total time: 2 s, completed Nov 18, 2015 2:56:06 PM
> server-post-command-error-handler
> server-post-command-cleanup
> server-handle-next-server-request
Done executing sbt server engine, result Right(Exit(0))
Closing listening server socket
Waiting for socket thread
Waiting for request processor thread
Waiting for command engine result
Returning control to sbt launcher with result Exit(0)
Closing the 740@PTUA-LS0382 logs at Wed Nov 18 15:25:47 EET 2015, goodbye.
